
*** src/http/response_builder.rs:35:9: replace ResponseBuilder<MissingStatusCode>::internal_server_error -> ResponseBuilder<StatusCode> with ResponseBuilder::from(Default::default())

*** mutation diff:
--- src/http/response_builder.rs
+++ replace ResponseBuilder<MissingStatusCode>::internal_server_error -> ResponseBuilder<StatusCode> with ResponseBuilder::from(Default::default())
@@ -27,20 +27,17 @@
     pub fn bad_request() -> ResponseBuilder<StatusCode> {
         ResponseBuilder {
             status_code: StatusCode::BadRequest,
             ..Default::default()
         }
     }
 
     pub fn internal_server_error() -> ResponseBuilder<StatusCode> {
-        ResponseBuilder {
-            status_code: StatusCode::InternalServerError,
-            ..Default::default()
-        }
+        ResponseBuilder::from(Default::default()) /* ~ changed by cargo-mutants ~ */
     }
 }
 
 impl ResponseBuilder<StatusCode> {
     pub fn build(self) -> Response {
         // Calculate the Content-Length header value
         let content_length = self.body.as_ref().map(|b| b.len()).unwrap_or(0);
         let mut headers = self.headers.unwrap_or_default();


*** /Users/aw/.rustup/toolchains/stable-aarch64-apple-darwin/bin/cargo test --no-run --manifest-path /var/folders/dk/rmy45p9s5bn3y62kyrkfh6440000gn/T/cargo-mutants-codecrafters-http-server-rust-eXV76S.tmp/Cargo.toml --all-features
   Compiling http-server-starter-rust v0.1.0 (/var/folders/dk/rmy45p9s5bn3y62kyrkfh6440000gn/T/cargo-mutants-codecrafters-http-server-rust-eXV76S.tmp)
    Finished `test` profile [unoptimized + debuginfo] target(s) in 0.25s
  Executable unittests src/main.rs (/var/folders/dk/rmy45p9s5bn3y62kyrkfh6440000gn/T/cargo-mutants-codecrafters-http-server-rust-eXV76S.tmp/target/debug/deps/http_server_starter_rust-21207571861bdde5)

*** result: Success

*** /Users/aw/.rustup/toolchains/stable-aarch64-apple-darwin/bin/cargo test --manifest-path /var/folders/dk/rmy45p9s5bn3y62kyrkfh6440000gn/T/cargo-mutants-codecrafters-http-server-rust-eXV76S.tmp/Cargo.toml --all-features
    Finished `test` profile [unoptimized + debuginfo] target(s) in 0.02s
     Running unittests src/main.rs (/var/folders/dk/rmy45p9s5bn3y62kyrkfh6440000gn/T/cargo-mutants-codecrafters-http-server-rust-eXV76S.tmp/target/debug/deps/http_server_starter_rust-21207571861bdde5)

running 20 tests
test handlers::tests::test_get_user_agent_response ... ok
test handlers::tests::test_get_echo_response ... ok
test handlers::tests::test_get_user_agent_response_no_user_agent ... ok
test http::request::tests::test_get_next_request_line ... ok
test http::request::tests::test_get_next_word ... ok
test http::request::tests::test_parse_header ... ok
test http::request::tests::test_try_from_request ... ok
test http::response::tests::test_response_to_bytes_vec ... ok
test http::response::tests::test_response_to_string ... ok
test http::response_builder::tests::test_response_builder_bad_request ... ok
test http::response_builder::tests::test_response_builder_body ... ok
test http::response_builder::tests::test_response_builder_default ... ok
test http::response_builder::tests::test_response_builder_not_found ... ok
test handlers::tests::test_get_file_response ... ok
test http::response_builder::tests::test_response_builder_ok ... ok
test http::response_builder::tests::test_response_builder_with ... ok
test http::response_builder::tests::test_response_builder_internal_server_error ... FAILED
test http::response_builder::tests::test_without_content_length_header ... ok
test http::status_code::tests::status_code_display ... ok
test http::status_code::tests::status_code_message ... ok

failures:

---- http::response_builder::tests::test_response_builder_internal_server_error stdout ----
thread 'http::response_builder::tests::test_response_builder_internal_server_error' panicked at src/http/response_builder.rs:273:9:
assertion `left == right` failed: Status code should be 500 Internal Server Error
  left: Ok
 right: InternalServerError
note: run with `RUST_BACKTRACE=1` environment variable to display a backtrace


failures:
    http::response_builder::tests::test_response_builder_internal_server_error

test result: FAILED. 19 passed; 1 failed; 0 ignored; 0 measured; 0 filtered out; finished in 0.00s

error: test failed, to rerun pass `--bin http-server-starter-rust`

*** result: Failure(101)
