
*** src/http/response.rs:44:9: replace <impl Display for Response>::fmt -> std::fmt::Result with Ok(Default::default())

*** mutation diff:
--- src/http/response.rs
+++ replace <impl Display for Response>::fmt -> std::fmt::Result with Ok(Default::default())
@@ -36,32 +36,17 @@
         }
 
         response
     }
 }
 
 impl Display for Response {
     fn fmt(&self, f: &mut std::fmt::Formatter<'_>) -> std::fmt::Result {
-        let headers = self.headers.iter().fold(String::new(), |mut acc, (k, v)| {
-            let _ = write!(acc, "{}: {}\r\n", k, v);
-            acc
-        });
-
-        if let Some(body) = &self.body {
-            write!(
-                f,
-                "{}{}\r\n{}",
-                self.status_code,
-                headers,
-                String::from_utf8_lossy(body)
-            )
-        } else {
-            write!(f, "{}{}\r\n", self.status_code, headers)
-        }
+        Ok(Default::default()) /* ~ changed by cargo-mutants ~ */
     }
 }
 
 #[cfg(test)]
 mod tests {
     use crate::http::ResponseBuilder;
 
     #[test]


*** /Users/aw/.rustup/toolchains/stable-aarch64-apple-darwin/bin/cargo test --no-run --manifest-path /var/folders/dk/rmy45p9s5bn3y62kyrkfh6440000gn/T/cargo-mutants-codecrafters-http-server-rust-eXV76S.tmp/Cargo.toml --all-features
   Compiling http-server-starter-rust v0.1.0 (/var/folders/dk/rmy45p9s5bn3y62kyrkfh6440000gn/T/cargo-mutants-codecrafters-http-server-rust-eXV76S.tmp)
    Finished `test` profile [unoptimized + debuginfo] target(s) in 0.27s
  Executable unittests src/main.rs (/var/folders/dk/rmy45p9s5bn3y62kyrkfh6440000gn/T/cargo-mutants-codecrafters-http-server-rust-eXV76S.tmp/target/debug/deps/http_server_starter_rust-21207571861bdde5)

*** result: Success

*** /Users/aw/.rustup/toolchains/stable-aarch64-apple-darwin/bin/cargo test --manifest-path /var/folders/dk/rmy45p9s5bn3y62kyrkfh6440000gn/T/cargo-mutants-codecrafters-http-server-rust-eXV76S.tmp/Cargo.toml --all-features
    Finished `test` profile [unoptimized + debuginfo] target(s) in 0.02s
     Running unittests src/main.rs (/var/folders/dk/rmy45p9s5bn3y62kyrkfh6440000gn/T/cargo-mutants-codecrafters-http-server-rust-eXV76S.tmp/target/debug/deps/http_server_starter_rust-21207571861bdde5)

running 20 tests
test handlers::tests::test_get_echo_response ... ok
test http::request::tests::test_get_next_request_line ... ok
test handlers::tests::test_get_user_agent_response ... ok
test handlers::tests::test_get_user_agent_response_no_user_agent ... ok
test http::request::tests::test_get_next_word ... ok
test http::request::tests::test_parse_header ... ok
test http::response::tests::test_response_to_bytes_vec ... ok
test http::request::tests::test_try_from_request ... ok
test http::response_builder::tests::test_response_builder_bad_request ... ok
test http::response_builder::tests::test_response_builder_body ... ok
test http::response::tests::test_response_to_string ... FAILED
test http::response_builder::tests::test_response_builder_default ... FAILED
test http::response_builder::tests::test_response_builder_internal_server_error ... ok
test http::response_builder::tests::test_response_builder_not_found ... ok
test http::response_builder::tests::test_response_builder_ok ... ok
test http::response_builder::tests::test_response_builder_with ... ok
test http::response_builder::tests::test_without_content_length_header ... ok
test http::status_code::tests::status_code_display ... ok
test http::status_code::tests::status_code_message ... ok
test handlers::tests::test_get_file_response ... ok

failures:

---- http::response::tests::test_response_to_string stdout ----
thread 'http::response::tests::test_response_to_string' panicked at src/http/response.rs:75:9:
assertion `left == right` failed: Response should be converted to string
  left: ""
 right: "HTTP/1.1 200 OK\r\nContent-Type: text/plain\r\nContent-Length: 13\r\n\r\nHello, World!"
note: run with `RUST_BACKTRACE=1` environment variable to display a backtrace

---- http::response_builder::tests::test_response_builder_default stdout ----
thread 'http::response_builder::tests::test_response_builder_default' panicked at src/http/response_builder.rs:236:9:
assertion `left == right` failed: Response string should be 200 OK
  left: ""
 right: "HTTP/1.1 200 OK\r\nContent-Length: 0\r\n\r\n"


failures:
    http::response::tests::test_response_to_string
    http::response_builder::tests::test_response_builder_default

test result: FAILED. 18 passed; 2 failed; 0 ignored; 0 measured; 0 filtered out; finished in 0.00s

error: test failed, to rerun pass `--bin http-server-starter-rust`

*** result: Failure(101)
