
*** src/http/status_code.rs:14:9: replace StatusCode::message -> &'static str with "xyzzy"

*** mutation diff:
--- src/http/status_code.rs
+++ replace StatusCode::message -> &'static str with "xyzzy"
@@ -6,22 +6,17 @@
     Ok = 200,
     BadRequest = 400,
     NotFound = 404,
     InternalServerError = 500,
 }
 
 impl StatusCode {
     pub fn message(&self) -> &'static str {
-        match self {
-            StatusCode::Ok => "OK",
-            StatusCode::BadRequest => "Bad Request",
-            StatusCode::NotFound => "Not Found",
-            StatusCode::InternalServerError => "Internal Server Error",
-        }
+        "xyzzy" /* ~ changed by cargo-mutants ~ */
     }
 }
 
 impl Display for StatusCode {
     fn fmt(&self, f: &mut std::fmt::Formatter<'_>) -> FmtResult {
         write!(f, "HTTP/1.1 {} {}\r\n", *self as u16, self.message())
     }
 }


*** /Users/aw/.rustup/toolchains/stable-aarch64-apple-darwin/bin/cargo test --no-run --manifest-path /var/folders/dk/rmy45p9s5bn3y62kyrkfh6440000gn/T/cargo-mutants-codecrafters-http-server-rust-eXV76S.tmp/Cargo.toml --all-features
   Compiling http-server-starter-rust v0.1.0 (/var/folders/dk/rmy45p9s5bn3y62kyrkfh6440000gn/T/cargo-mutants-codecrafters-http-server-rust-eXV76S.tmp)
    Finished `test` profile [unoptimized + debuginfo] target(s) in 0.23s
  Executable unittests src/main.rs (/var/folders/dk/rmy45p9s5bn3y62kyrkfh6440000gn/T/cargo-mutants-codecrafters-http-server-rust-eXV76S.tmp/target/debug/deps/http_server_starter_rust-21207571861bdde5)

*** result: Success

*** /Users/aw/.rustup/toolchains/stable-aarch64-apple-darwin/bin/cargo test --manifest-path /var/folders/dk/rmy45p9s5bn3y62kyrkfh6440000gn/T/cargo-mutants-codecrafters-http-server-rust-eXV76S.tmp/Cargo.toml --all-features
    Finished `test` profile [unoptimized + debuginfo] target(s) in 0.02s
     Running unittests src/main.rs (/var/folders/dk/rmy45p9s5bn3y62kyrkfh6440000gn/T/cargo-mutants-codecrafters-http-server-rust-eXV76S.tmp/target/debug/deps/http_server_starter_rust-21207571861bdde5)

running 20 tests
test handlers::tests::test_get_user_agent_response ... ok
test handlers::tests::test_get_echo_response ... ok
test handlers::tests::test_get_user_agent_response_no_user_agent ... ok
test http::request::tests::test_get_next_request_line ... ok
test http::request::tests::test_get_next_word ... ok
test http::request::tests::test_parse_header ... ok
test http::request::tests::test_try_from_request ... ok
test http::response_builder::tests::test_response_builder_bad_request ... ok
test http::response_builder::tests::test_response_builder_body ... ok
test http::response::tests::test_response_to_bytes_vec ... FAILED
test http::response::tests::test_response_to_string ... FAILED
test http::response_builder::tests::test_response_builder_default ... FAILED
test http::response_builder::tests::test_response_builder_internal_server_error ... ok
test http::response_builder::tests::test_response_builder_not_found ... ok
test http::response_builder::tests::test_response_builder_ok ... ok
test http::response_builder::tests::test_response_builder_with ... ok
test http::response_builder::tests::test_without_content_length_header ... ok
test http::status_code::tests::status_code_display ... FAILED
test http::status_code::tests::status_code_message ... FAILED
test handlers::tests::test_get_file_response ... ok

failures:

---- http::response::tests::test_response_to_bytes_vec stdout ----
thread 'http::response::tests::test_response_to_bytes_vec' panicked at src/http/response.rs:75:9:
assertion `left == right` failed: Response should be converted to bytes vector
  left: [72, 84, 84, 80, 47, 49, 46, 49, 32, 50, 48, 48, 32, 120, 121, 122, 122, 121, 13, 10, 67, 111, 110, 116, 101, 110, 116, 45, 84, 121, 112, 101, 58, 32, 116, 101, 120, 116, 47, 112, 108, 97, 105, 110, 13, 10, 67, 111, 110, 116, 101, 110, 116, 45, 76, 101, 110, 103, 116, 104, 58, 32, 49, 51, 13, 10, 13, 10, 72, 101, 108, 108, 111, 44, 32, 87, 111, 114, 108, 100, 33]
 right: [72, 84, 84, 80, 47, 49, 46, 49, 32, 50, 48, 48, 32, 79, 75, 13, 10, 67, 111, 110, 116, 101, 110, 116, 45, 84, 121, 112, 101, 58, 32, 116, 101, 120, 116, 47, 112, 108, 97, 105, 110, 13, 10, 67, 111, 110, 116, 101, 110, 116, 45, 76, 101, 110, 103, 116, 104, 58, 32, 49, 51, 13, 10, 13, 10, 72, 101, 108, 108, 111, 44, 32, 87, 111, 114, 108, 100, 33]
note: run with `RUST_BACKTRACE=1` environment variable to display a backtrace

---- http::response::tests::test_response_to_string stdout ----
thread 'http::response::tests::test_response_to_string' panicked at src/http/response.rs:90:9:
assertion `left == right` failed: Response should be converted to string
  left: "HTTP/1.1 200 xyzzy\r\nContent-Type: text/plain\r\nContent-Length: 13\r\n\r\nHello, World!"
 right: "HTTP/1.1 200 OK\r\nContent-Type: text/plain\r\nContent-Length: 13\r\n\r\nHello, World!"

---- http::response_builder::tests::test_response_builder_default stdout ----
thread 'http::response_builder::tests::test_response_builder_default' panicked at src/http/response_builder.rs:236:9:
assertion `left == right` failed: Response string should be 200 OK
  left: "HTTP/1.1 200 xyzzy\r\nContent-Length: 0\r\n\r\n"
 right: "HTTP/1.1 200 OK\r\nContent-Length: 0\r\n\r\n"

---- http::status_code::tests::status_code_display stdout ----
thread 'http::status_code::tests::status_code_display' panicked at src/http/status_code.rs:54:9:
assertion `left == right` failed: Status code string 200 should be OK
  left: "HTTP/1.1 200 xyzzy\r\n"
 right: "HTTP/1.1 200 OK\r\n"

---- http::status_code::tests::status_code_message stdout ----
thread 'http::status_code::tests::status_code_message' panicked at src/http/status_code.rs:30:9:
assertion `left == right` failed: Status code 200 should be OK
  left: "xyzzy"
 right: "OK"


failures:
    http::response::tests::test_response_to_bytes_vec
    http::response::tests::test_response_to_string
    http::response_builder::tests::test_response_builder_default
    http::status_code::tests::status_code_display
    http::status_code::tests::status_code_message

test result: FAILED. 15 passed; 5 failed; 0 ignored; 0 measured; 0 filtered out; finished in 0.00s

error: test failed, to rerun pass `--bin http-server-starter-rust`

*** result: Failure(101)
