
*** src/handlers.rs:54:5: replace get_file_response -> Response with Default::default()

*** mutation diff:
--- src/handlers.rs
+++ replace get_file_response -> Response with Default::default()
@@ -46,30 +46,17 @@
         .expect("Failed to write to stream");
 
     stream.flush().await.expect("Failed to flush stream");
 
     Ok(())
 }
 
 fn get_file_response(file_name: &str, files_dir: &String) -> Response {
-    let path = format!("{}/{}", files_dir, file_name);
-    let file = match std::fs::read(path) {
-        Ok(file) => file,
-        Err(_) => {
-            return ResponseBuilder::not_found()
-                .without_content_length_header()
-                .build()
-        }
-    };
-
-    ResponseBuilder::ok()
-        .with(("Content-Type", "application/octet-stream"))
-        .body(file)
-        .build()
+    Default::default() /* ~ changed by cargo-mutants ~ */
 }
 
 fn get_user_agent_response(request: &Request) -> Response {
     let user_agent = request
         .headers
         .iter()
         .find(|(k, _)| k == "User-Agent")
         .map(|(_, v)| v);


*** /Users/aw/.rustup/toolchains/stable-aarch64-apple-darwin/bin/cargo test --no-run --manifest-path /var/folders/dk/rmy45p9s5bn3y62kyrkfh6440000gn/T/cargo-mutants-codecrafters-http-server-rust-eXV76S.tmp/Cargo.toml --all-features
   Compiling http-server-starter-rust v0.1.0 (/var/folders/dk/rmy45p9s5bn3y62kyrkfh6440000gn/T/cargo-mutants-codecrafters-http-server-rust-eXV76S.tmp)
    Finished `test` profile [unoptimized + debuginfo] target(s) in 0.26s
  Executable unittests src/main.rs (/var/folders/dk/rmy45p9s5bn3y62kyrkfh6440000gn/T/cargo-mutants-codecrafters-http-server-rust-eXV76S.tmp/target/debug/deps/http_server_starter_rust-21207571861bdde5)

*** result: Success

*** /Users/aw/.rustup/toolchains/stable-aarch64-apple-darwin/bin/cargo test --manifest-path /var/folders/dk/rmy45p9s5bn3y62kyrkfh6440000gn/T/cargo-mutants-codecrafters-http-server-rust-eXV76S.tmp/Cargo.toml --all-features
    Finished `test` profile [unoptimized + debuginfo] target(s) in 0.02s
     Running unittests src/main.rs (/var/folders/dk/rmy45p9s5bn3y62kyrkfh6440000gn/T/cargo-mutants-codecrafters-http-server-rust-eXV76S.tmp/target/debug/deps/http_server_starter_rust-21207571861bdde5)

running 20 tests
test http::request::tests::test_get_next_request_line ... ok
test handlers::tests::test_get_echo_response ... ok
test handlers::tests::test_get_user_agent_response_no_user_agent ... ok
test handlers::tests::test_get_user_agent_response ... ok
test http::request::tests::test_get_next_word ... ok
test http::request::tests::test_parse_header ... ok
test http::request::tests::test_try_from_request ... ok
test http::response::tests::test_response_to_string ... ok
test http::response::tests::test_response_to_bytes_vec ... ok
test http::response_builder::tests::test_response_builder_bad_request ... ok
test http::response_builder::tests::test_response_builder_body ... ok
test http::response_builder::tests::test_response_builder_default ... ok
test handlers::tests::test_get_file_response ... FAILED
test http::response_builder::tests::test_response_builder_internal_server_error ... ok
test http::response_builder::tests::test_response_builder_not_found ... ok
test http::response_builder::tests::test_response_builder_ok ... ok
test http::response_builder::tests::test_response_builder_with ... ok
test http::response_builder::tests::test_without_content_length_header ... ok
test http::status_code::tests::status_code_display ... ok
test http::status_code::tests::status_code_message ... ok

failures:

---- handlers::tests::test_get_file_response stdout ----
[src/handlers.rs:168:9] &file_path = "/var/folders/dk/rmy45p9s5bn3y62kyrkfh6440000gn/T/cargo-mutants-codecrafters-http-server-rust-eXV76S.tmp/tmp/files/test.txt"
thread 'handlers::tests::test_get_file_response' panicked at src/handlers.rs:181:9:
assertion `left == right` failed
  left: []
 right: [("Content-Type", "application/octet-stream"), ("Content-Length", "11")]
note: run with `RUST_BACKTRACE=1` environment variable to display a backtrace


failures:
    handlers::tests::test_get_file_response

test result: FAILED. 19 passed; 1 failed; 0 ignored; 0 measured; 0 filtered out; finished in 0.00s

error: test failed, to rerun pass `--bin http-server-starter-rust`

*** result: Failure(101)
