
*** src/http/request.rs:95:5: replace get_next_word -> Option<(&str, &str)> with Some(("", "xyzzy"))

*** mutation diff:
--- src/http/request.rs
+++ replace get_next_word -> Option<(&str, &str)> with Some(("", "xyzzy"))
@@ -87,27 +87,17 @@
     let first_line = lines.next().ok_or(ParseRequestError {
         kind: ParseRequestErrorKind::InvalidRequest,
     });
 
     Ok((first_line?, lines))
 }
 
 fn get_next_word(request_line: &str) -> Option<(&str, &str)> {
-    if request_line.is_empty() {
-        return None;
-    }
-
-    for (i, c) in request_line.chars().enumerate() {
-        if c == ' ' {
-            return Some((&request_line[..i], &request_line[i + 1..]));
-        }
-    }
-
-    Some((request_line, ""))
+    Some(("", "xyzzy")) /* ~ changed by cargo-mutants ~ */
 }
 
 fn parse_header(header: &str) -> Option<(&str, &str)> {
     header.split_once(": ")
 }
 
 #[cfg(test)]
 mod tests {


*** /Users/aw/.rustup/toolchains/stable-aarch64-apple-darwin/bin/cargo test --no-run --manifest-path /var/folders/dk/rmy45p9s5bn3y62kyrkfh6440000gn/T/cargo-mutants-codecrafters-http-server-rust-eXV76S.tmp/Cargo.toml --all-features
   Compiling http-server-starter-rust v0.1.0 (/var/folders/dk/rmy45p9s5bn3y62kyrkfh6440000gn/T/cargo-mutants-codecrafters-http-server-rust-eXV76S.tmp)
    Finished `test` profile [unoptimized + debuginfo] target(s) in 0.23s
  Executable unittests src/main.rs (/var/folders/dk/rmy45p9s5bn3y62kyrkfh6440000gn/T/cargo-mutants-codecrafters-http-server-rust-eXV76S.tmp/target/debug/deps/http_server_starter_rust-21207571861bdde5)

*** result: Success

*** /Users/aw/.rustup/toolchains/stable-aarch64-apple-darwin/bin/cargo test --manifest-path /var/folders/dk/rmy45p9s5bn3y62kyrkfh6440000gn/T/cargo-mutants-codecrafters-http-server-rust-eXV76S.tmp/Cargo.toml --all-features
    Finished `test` profile [unoptimized + debuginfo] target(s) in 0.02s
     Running unittests src/main.rs (/var/folders/dk/rmy45p9s5bn3y62kyrkfh6440000gn/T/cargo-mutants-codecrafters-http-server-rust-eXV76S.tmp/target/debug/deps/http_server_starter_rust-21207571861bdde5)

running 20 tests
test http::request::tests::test_get_next_request_line ... ok
test http::request::tests::test_parse_header ... ok
test handlers::tests::test_get_echo_response ... FAILED
test handlers::tests::test_get_user_agent_response ... FAILED
test handlers::tests::test_get_user_agent_response_no_user_agent ... FAILED
test http::request::tests::test_get_next_word ... FAILED
test http::response::tests::test_response_to_bytes_vec ... ok
test http::response::tests::test_response_to_string ... ok
test http::request::tests::test_try_from_request ... FAILED
test http::response_builder::tests::test_response_builder_bad_request ... ok
test http::response_builder::tests::test_response_builder_body ... ok
test http::response_builder::tests::test_response_builder_default ... ok
test http::response_builder::tests::test_response_builder_internal_server_error ... ok
test http::response_builder::tests::test_response_builder_not_found ... ok
test http::response_builder::tests::test_response_builder_ok ... ok
test http::response_builder::tests::test_response_builder_with ... ok
test http::response_builder::tests::test_without_content_length_header ... ok
test http::status_code::tests::status_code_display ... ok
test http::status_code::tests::status_code_message ... ok
test handlers::tests::test_get_file_response ... ok

failures:

---- handlers::tests::test_get_echo_response stdout ----
thread 'handlers::tests::test_get_echo_response' panicked at src/handlers.rs:137:85:
called `Result::unwrap()` on an `Err` value: ParseRequestError { kind: InvalidMethod }

---- handlers::tests::test_get_user_agent_response stdout ----
thread 'handlers::tests::test_get_user_agent_response' panicked at src/handlers.rs:106:18:
called `Result::unwrap()` on an `Err` value: ParseRequestError { kind: InvalidMethod }
note: run with `RUST_BACKTRACE=1` environment variable to display a backtrace

---- handlers::tests::test_get_user_agent_response_no_user_agent stdout ----
thread 'handlers::tests::test_get_user_agent_response_no_user_agent' panicked at src/handlers.rs:123:77:
called `Result::unwrap()` on an `Err` value: ParseRequestError { kind: InvalidMethod }

---- http::request::tests::test_get_next_word stdout ----
thread 'http::request::tests::test_get_next_word' panicked at src/http/request.rs:108:9:
assertion `left == right` failed: String slice incremental parsing
  left: Some(("", "xyzzy"))
 right: Some(("GET", "/ HTTP/1.1"))

---- http::request::tests::test_try_from_request stdout ----
thread 'http::request::tests::test_try_from_request' panicked at src/http/request.rs:165:190:
called `Result::unwrap()` on an `Err` value: ParseRequestError { kind: InvalidMethod }


failures:
    handlers::tests::test_get_echo_response
    handlers::tests::test_get_user_agent_response
    handlers::tests::test_get_user_agent_response_no_user_agent
    http::request::tests::test_get_next_word
    http::request::tests::test_try_from_request

test result: FAILED. 15 passed; 5 failed; 0 ignored; 0 measured; 0 filtered out; finished in 0.00s

error: test failed, to rerun pass `--bin http-server-starter-rust`

*** result: Failure(101)
