
*** src/handlers.rs:71:5: replace get_user_agent_response -> Response with Default::default()

*** mutation diff:
--- src/handlers.rs
+++ replace get_user_agent_response -> Response with Default::default()
@@ -63,29 +63,17 @@
 
     ResponseBuilder::ok()
         .with(("Content-Type", "application/octet-stream"))
         .body(file)
         .build()
 }
 
 fn get_user_agent_response(request: &Request) -> Response {
-    let user_agent = request
-        .headers
-        .iter()
-        .find(|(k, _)| k == "User-Agent")
-        .map(|(_, v)| v);
-
-    match user_agent {
-        Some(user_agent) => ResponseBuilder::ok()
-            .with(("Content-Type", "text/plain"))
-            .body(user_agent.as_bytes().to_vec())
-            .build(),
-        None => ResponseBuilder::bad_request().build(),
-    }
+    Default::default() /* ~ changed by cargo-mutants ~ */
 }
 
 fn get_echo_response(content: &str) -> Response {
     let response_builder = ResponseBuilder::ok().with(("Content-Type", "text/plain"));
 
     if content.is_empty() {
         response_builder.build()
     } else {


*** /Users/aw/.rustup/toolchains/stable-aarch64-apple-darwin/bin/cargo test --no-run --manifest-path /var/folders/dk/rmy45p9s5bn3y62kyrkfh6440000gn/T/cargo-mutants-codecrafters-http-server-rust-eXV76S.tmp/Cargo.toml --all-features
   Compiling http-server-starter-rust v0.1.0 (/var/folders/dk/rmy45p9s5bn3y62kyrkfh6440000gn/T/cargo-mutants-codecrafters-http-server-rust-eXV76S.tmp)
    Finished `test` profile [unoptimized + debuginfo] target(s) in 0.24s
  Executable unittests src/main.rs (/var/folders/dk/rmy45p9s5bn3y62kyrkfh6440000gn/T/cargo-mutants-codecrafters-http-server-rust-eXV76S.tmp/target/debug/deps/http_server_starter_rust-21207571861bdde5)

*** result: Success

*** /Users/aw/.rustup/toolchains/stable-aarch64-apple-darwin/bin/cargo test --manifest-path /var/folders/dk/rmy45p9s5bn3y62kyrkfh6440000gn/T/cargo-mutants-codecrafters-http-server-rust-eXV76S.tmp/Cargo.toml --all-features
    Finished `test` profile [unoptimized + debuginfo] target(s) in 0.02s
     Running unittests src/main.rs (/var/folders/dk/rmy45p9s5bn3y62kyrkfh6440000gn/T/cargo-mutants-codecrafters-http-server-rust-eXV76S.tmp/target/debug/deps/http_server_starter_rust-21207571861bdde5)

running 20 tests
test handlers::tests::test_get_echo_response ... ok
test http::request::tests::test_get_next_word ... ok
test http::request::tests::test_get_next_request_line ... ok
test http::request::tests::test_parse_header ... ok
test handlers::tests::test_get_user_agent_response_no_user_agent ... FAILED
test handlers::tests::test_get_user_agent_response ... FAILED
test http::request::tests::test_try_from_request ... ok
test http::response::tests::test_response_to_bytes_vec ... ok
test http::response::tests::test_response_to_string ... ok
test http::response_builder::tests::test_response_builder_bad_request ... ok
test http::response_builder::tests::test_response_builder_body ... ok
test http::response_builder::tests::test_response_builder_default ... ok
test http::response_builder::tests::test_response_builder_internal_server_error ... ok
test http::response_builder::tests::test_response_builder_not_found ... ok
test http::response_builder::tests::test_response_builder_ok ... ok
test http::response_builder::tests::test_response_builder_with ... ok
test http::response_builder::tests::test_without_content_length_header ... ok
test http::status_code::tests::status_code_display ... ok
test http::status_code::tests::status_code_message ... ok
test handlers::tests::test_get_file_response ... ok

failures:

---- handlers::tests::test_get_user_agent_response_no_user_agent stdout ----
thread 'handlers::tests::test_get_user_agent_response_no_user_agent' panicked at src/handlers.rs:115:9:
assertion `left == right` failed
  left: Ok
 right: BadRequest

---- handlers::tests::test_get_user_agent_response stdout ----
thread 'handlers::tests::test_get_user_agent_response' panicked at src/handlers.rs:105:9:
assertion `left == right` failed
  left: []
 right: [("Content-Type", "text/plain"), ("Content-Length", "11")]
note: run with `RUST_BACKTRACE=1` environment variable to display a backtrace


failures:
    handlers::tests::test_get_user_agent_response
    handlers::tests::test_get_user_agent_response_no_user_agent

test result: FAILED. 18 passed; 2 failed; 0 ignored; 0 measured; 0 filtered out; finished in 0.00s

error: test failed, to rerun pass `--bin http-server-starter-rust`

*** result: Failure(101)
