
*** src/http/request.rs:109:5: replace parse_header -> Option<(&str, &str)> with Some(("", ""))

*** mutation diff:
--- src/http/request.rs
+++ replace parse_header -> Option<(&str, &str)> with Some(("", ""))
@@ -101,17 +101,17 @@
             return Some((&request_line[..i], &request_line[i + 1..]));
         }
     }
 
     Some((request_line, ""))
 }
 
 fn parse_header(header: &str) -> Option<(&str, &str)> {
-    header.split_once(": ")
+    Some(("", "")) /* ~ changed by cargo-mutants ~ */
 }
 
 #[cfg(test)]
 mod tests {
     use super::*;
 
     #[test]
     fn test_get_next_word() {


*** /Users/aw/.rustup/toolchains/stable-aarch64-apple-darwin/bin/cargo test --no-run --manifest-path /var/folders/dk/rmy45p9s5bn3y62kyrkfh6440000gn/T/cargo-mutants-codecrafters-http-server-rust-eXV76S.tmp/Cargo.toml --all-features
   Compiling http-server-starter-rust v0.1.0 (/var/folders/dk/rmy45p9s5bn3y62kyrkfh6440000gn/T/cargo-mutants-codecrafters-http-server-rust-eXV76S.tmp)
    Finished `test` profile [unoptimized + debuginfo] target(s) in 0.24s
  Executable unittests src/main.rs (/var/folders/dk/rmy45p9s5bn3y62kyrkfh6440000gn/T/cargo-mutants-codecrafters-http-server-rust-eXV76S.tmp/target/debug/deps/http_server_starter_rust-21207571861bdde5)

*** result: Success

*** /Users/aw/.rustup/toolchains/stable-aarch64-apple-darwin/bin/cargo test --manifest-path /var/folders/dk/rmy45p9s5bn3y62kyrkfh6440000gn/T/cargo-mutants-codecrafters-http-server-rust-eXV76S.tmp/Cargo.toml --all-features
    Finished `test` profile [unoptimized + debuginfo] target(s) in 0.02s
     Running unittests src/main.rs (/var/folders/dk/rmy45p9s5bn3y62kyrkfh6440000gn/T/cargo-mutants-codecrafters-http-server-rust-eXV76S.tmp/target/debug/deps/http_server_starter_rust-21207571861bdde5)

running 20 tests
test handlers::tests::test_get_user_agent_response_no_user_agent ... ok
test handlers::tests::test_get_echo_response ... ok
test http::request::tests::test_get_next_request_line ... ok
test http::request::tests::test_get_next_word ... ok
test http::request::tests::test_try_from_request ... FAILED
test http::request::tests::test_parse_header ... FAILED
test handlers::tests::test_get_user_agent_response ... FAILED
test http::response::tests::test_response_to_bytes_vec ... ok
test http::response::tests::test_response_to_string ... ok
test http::response_builder::tests::test_response_builder_bad_request ... ok
test http::response_builder::tests::test_response_builder_body ... ok
test http::response_builder::tests::test_response_builder_default ... ok
test http::response_builder::tests::test_response_builder_internal_server_error ... ok
test http::response_builder::tests::test_response_builder_not_found ... ok
test http::response_builder::tests::test_response_builder_ok ... ok
test http::response_builder::tests::test_response_builder_with ... ok
test http::response_builder::tests::test_without_content_length_header ... ok
test http::status_code::tests::status_code_display ... ok
test http::status_code::tests::status_code_message ... ok
test handlers::tests::test_get_file_response ... ok

failures:

---- http::request::tests::test_try_from_request stdout ----
thread 'http::request::tests::test_try_from_request' panicked at src/http/request.rs:186:9:
assertion `left == right` failed: Host header with the value localhost:4221
  left: ("", "")
 right: ("Host", "localhost:4221")

---- http::request::tests::test_parse_header stdout ----
thread 'http::request::tests::test_parse_header' panicked at src/http/request.rs:239:9:
assertion `left == right` failed: Host header
  left: Some(("", ""))
 right: Some(("Host", "localhost:4221"))

---- handlers::tests::test_get_user_agent_response stdout ----
thread 'handlers::tests::test_get_user_agent_response' panicked at src/handlers.rs:116:9:
assertion `left == right` failed
  left: BadRequest
 right: Ok
note: run with `RUST_BACKTRACE=1` environment variable to display a backtrace


failures:
    handlers::tests::test_get_user_agent_response
    http::request::tests::test_parse_header
    http::request::tests::test_try_from_request

test result: FAILED. 17 passed; 3 failed; 0 ignored; 0 measured; 0 filtered out; finished in 0.00s

error: test failed, to rerun pass `--bin http-server-starter-rust`

*** result: Failure(101)
